[debug] [2024-08-03T18:35:07.677Z] ----------------------------------------------------------------------
[debug] [2024-08-03T18:35:07.681Z] Command:       /usr/local/bin/node /usr/local/bin/firebase deploy
[debug] [2024-08-03T18:35:07.681Z] CLI Version:   13.14.2
[debug] [2024-08-03T18:35:07.682Z] Platform:      darwin
[debug] [2024-08-03T18:35:07.682Z] Node Version:  v20.10.0
[debug] [2024-08-03T18:35:07.682Z] Time:          Sun Aug 04 2024 00:05:07 GMT+0530 (India Standard Time)
[debug] [2024-08-03T18:35:07.682Z] ----------------------------------------------------------------------
[debug] 
[debug] [2024-08-03T18:35:07.683Z] >>> [apiv2][query] GET https://firebase-public.firebaseio.com/cli.json [none]
[debug] [2024-08-03T18:35:07.746Z] > command requires scopes: ["email","openid","https://www.googleapis.com/auth/cloudplatformprojects.readonly","https://www.googleapis.com/auth/firebase","https://www.googleapis.com/auth/cloud-platform"]
[debug] [2024-08-03T18:35:07.747Z] > authorizing via signed-in user (sayyedrizwanahmed@gmail.com)
[debug] [2024-08-03T18:35:07.747Z] [iam] checking project zene-music for permissions ["firebase.projects.get","firebasehosting.sites.update"]
[debug] [2024-08-03T18:35:07.748Z] > refreshing access token with scopes: []
[debug] [2024-08-03T18:35:07.748Z] >>> [apiv2][query] POST https://www.googleapis.com/oauth2/v3/token [none]
[debug] [2024-08-03T18:35:07.748Z] >>> [apiv2][body] POST https://www.googleapis.com/oauth2/v3/token [omitted]
[debug] [2024-08-03T18:35:07.948Z] <<< [apiv2][status] POST https://www.googleapis.com/oauth2/v3/token 200
[debug] [2024-08-03T18:35:07.949Z] <<< [apiv2][body] POST https://www.googleapis.com/oauth2/v3/token [omitted]
[debug] [2024-08-03T18:35:07.962Z] >>> [apiv2][query] POST https://cloudresourcemanager.googleapis.com/v1/projects/zene-music:testIamPermissions [none]
[debug] [2024-08-03T18:35:07.962Z] >>> [apiv2][(partial)header] POST https://cloudresourcemanager.googleapis.com/v1/projects/zene-music:testIamPermissions x-goog-quota-user=projects/zene-music
[debug] [2024-08-03T18:35:07.962Z] >>> [apiv2][body] POST https://cloudresourcemanager.googleapis.com/v1/projects/zene-music:testIamPermissions {"permissions":["firebase.projects.get","firebasehosting.sites.update"]}
[debug] [2024-08-03T18:35:08.331Z] <<< [apiv2][status] GET https://firebase-public.firebaseio.com/cli.json 200
[debug] [2024-08-03T18:35:08.332Z] <<< [apiv2][body] GET https://firebase-public.firebaseio.com/cli.json {"cloudBuildErrorAfter":1594252800000,"cloudBuildWarnAfter":1590019200000,"defaultNode10After":1594252800000,"minVersion":"3.0.5","node8DeploysDisabledAfter":1613390400000,"node8RuntimeDisabledAfter":1615809600000,"node8WarnAfter":1600128000000}
[debug] [2024-08-03T18:35:09.525Z] <<< [apiv2][status] POST https://cloudresourcemanager.googleapis.com/v1/projects/zene-music:testIamPermissions 200
[debug] [2024-08-03T18:35:09.526Z] <<< [apiv2][body] POST https://cloudresourcemanager.googleapis.com/v1/projects/zene-music:testIamPermissions {"permissions":["firebase.projects.get","firebasehosting.sites.update"]}
[debug] [2024-08-03T18:35:09.528Z] >>> [apiv2][query] GET https://firebase.googleapis.com/v1beta1/projects/zene-music [none]
[debug] [2024-08-03T18:35:10.268Z] <<< [apiv2][status] GET https://firebase.googleapis.com/v1beta1/projects/zene-music 200
[debug] [2024-08-03T18:35:10.268Z] <<< [apiv2][body] GET https://firebase.googleapis.com/v1beta1/projects/zene-music {"projectId":"zene-music","projectNumber":"12742833162","displayName":"Zene Music","name":"projects/zene-music","resources":{"hostingSite":"zene-music"},"state":"ACTIVE","etag":"1_dcf3a591-ceed-43b2-8326-dae35669ba56"}
[debug] [2024-08-03T18:35:11.343Z] >>> [apiv2][query] GET https://firebasehosting.googleapis.com/v1beta1/projects/zene-music/sites pageToken=&pageSize=10
[debug] [2024-08-03T18:35:12.544Z] <<< [apiv2][status] GET https://firebasehosting.googleapis.com/v1beta1/projects/zene-music/sites 200
[debug] [2024-08-03T18:35:12.545Z] <<< [apiv2][body] GET https://firebasehosting.googleapis.com/v1beta1/projects/zene-music/sites {"sites":[{"name":"projects/zene-music/sites/zene-music","defaultUrl":"https://zene-music.web.app","appId":"1:12742833162:web:c827b309c459e18b0b5bf3","type":"DEFAULT_SITE"}]}
[debug] [2024-08-03T18:35:12.546Z] >>> [apiv2][query] GET https://firebase.googleapis.com/v1beta1/projects/-/webApps/1:12742833162:web:c827b309c459e18b0b5bf3/config [none]
[debug] [2024-08-03T18:35:13.795Z] <<< [apiv2][status] GET https://firebase.googleapis.com/v1beta1/projects/-/webApps/1:12742833162:web:c827b309c459e18b0b5bf3/config 200
[debug] [2024-08-03T18:35:13.797Z] <<< [apiv2][body] GET https://firebase.googleapis.com/v1beta1/projects/-/webApps/1:12742833162:web:c827b309c459e18b0b5bf3/config {"projectId":"zene-music","appId":"1:12742833162:web:c827b309c459e18b0b5bf3","storageBucket":"zene-music.appspot.com","apiKey":"AIzaSyByJDZ-o_ucQQbNy-6m3D2D4mJoTss1uA8","authDomain":"zene-music.firebaseapp.com","messagingSenderId":"12742833162","measurementId":"G-H19CKMR6Z4"}
[info] 
   Thank you for trying our experimental support for SvelteKit on Firebase Hosting.
   While this integration is maintained by Googlers it is not a supported Firebase product.
   Issues filed on GitHub will be addressed on a best-effort basis by maintainers and other community members.

   Documentation: https://firebase.google.com/docs/hosting/frameworks/frameworks-overview
   File a bug: https://github.com/firebase/firebase-tools/issues/new?template=bug_report.md
   Submit a feature request: https://github.com/firebase/firebase-tools/issues/new?template=feature_request.md

   We'd love to learn from you. Express your interest in helping us shape the future of Firebase Hosting: https://goo.gle/41enW5X

